14-10-2022 16:41:17.193 [Gauge] [DEBUG] Created gauge_screenshots_dir at C:\Users\onat.kahraman\IdeaProjects\hepsiburadaCaseStudy\.gauge\screenshots
14-10-2022 16:41:17.202 [Gauge] [DEBUG] Plugin java is already installed.
14-10-2022 16:41:17.203 [Gauge] [DEBUG] Plugin html-report is already installed.
14-10-2022 16:41:17.203 [Gauge] [DEBUG] Parsing started.
14-10-2022 16:41:17.203 [Gauge] [DEBUG] Started concepts parsing.
14-10-2022 16:41:17.209 [Gauge] [DEBUG] 8 concepts parsing completed.
14-10-2022 16:41:17.209 [Gauge] [DEBUG] Started specifications parsing.
14-10-2022 16:41:17.212 [Gauge] [DEBUG] 1 specifications parsing completed.
14-10-2022 16:41:17.212 [Gauge] [DEBUG] Parsing completed.
14-10-2022 16:41:17.216 [Gauge] [DEBUG] Staring java runner
14-10-2022 16:41:17.253 [java] [DEBUG] classpath set to C:\Program Files\Java\jdk1.8.0_291\jre\lib\charsets.jar;C:\Program Files\Java\jdk1.8.0_291\jre\lib\deploy.jar;C:\Program Files\Java\jdk1.8.0_291\jre\lib\ext\access-bridge-64.jar;C:\Program Files\Java\jdk1.8.0_291\jre\lib\ext\cldrdata.jar;C:\Program Files\Java\jdk1.8.0_291\jre\lib\ext\dnsns.jar;C:\Program Files\Java\jdk1.8.0_291\jre\lib\ext\jaccess.jar;C:\Program Files\Java\jdk1.8.0_291\jre\lib\ext\jfxrt.jar;C:\Program Files\Java\jdk1.8.0_291\jre\lib\ext\localedata.jar;C:\Program Files\Java\jdk1.8.0_291\jre\lib\ext\nashorn.jar;C:\Program Files\Java\jdk1.8.0_291\jre\lib\ext\sunec.jar;C:\Program Files\Java\jdk1.8.0_291\jre\lib\ext\sunjce_provider.jar;C:\Program Files\Java\jdk1.8.0_291\jre\lib\ext\sunmscapi.jar;C:\Program Files\Java\jdk1.8.0_291\jre\lib\ext\sunpkcs11.jar;C:\Program Files\Java\jdk1.8.0_291\jre\lib\ext\zipfs.jar;C:\Program Files\Java\jdk1.8.0_291\jre\lib\javaws.jar;C:\Program Files\Java\jdk1.8.0_291\jre\lib\jce.jar;C:\Program Files\Java\jdk1.8.0_291\jre\lib\jfr.jar;C:\Program Files\Java\jdk1.8.0_291\jre\lib\jfxswt.jar;C:\Program Files\Java\jdk1.8.0_291\jre\lib\jsse.jar;C:\Program Files\Java\jdk1.8.0_291\jre\lib\management-agent.jar;C:\Program Files\Java\jdk1.8.0_291\jre\lib\plugin.jar;C:\Program Files\Java\jdk1.8.0_291\jre\lib\resources.jar;C:\Program Files\Java\jdk1.8.0_291\jre\lib\rt.jar;C:\Users\onat.kahraman\IdeaProjects\hepsiburadaCaseStudy\target\test-classes;C:\Users\onat.kahraman\.m2\repository\com\thoughtworks\gauge\gauge-java\0.6.0\gauge-java-0.6.0.jar;C:\Users\onat.kahraman\.m2\repository\org\reflections\reflections\0.9.10\reflections-0.9.10.jar;C:\Users\onat.kahraman\.m2\repository\org\javassist\javassist\3.19.0-GA\javassist-3.19.0-GA.jar;C:\Users\onat.kahraman\.m2\repository\com\google\code\findbugs\annotations\2.0.1\annotations-2.0.1.jar;C:\Users\onat.kahraman\.m2\repository\com\github\javaparser\javaparser-core\2.3.0\javaparser-core-2.3.0.jar;C:\Users\onat.kahraman\.m2\repository\org\hamcrest\hamcrest-core\1.3\hamcrest-core-1.3.jar;C:\Users\onat.kahraman\.m2\repository\org\hamcrest\hamcrest-library\1.3\hamcrest-library-1.3.jar;C:\Users\onat.kahraman\.m2\repository\commons-io\commons-io\2.4\commons-io-2.4.jar;C:\Users\onat.kahraman\.m2\repository\commons-lang\commons-lang\2.6\commons-lang-2.6.jar;C:\Users\onat.kahraman\.m2\repository\com\google\protobuf\protobuf-java\3.1.0\protobuf-java-3.1.0.jar;C:\Users\onat.kahraman\.m2\repository\org\seleniumhq\selenium\selenium-java\3.141.59\selenium-java-3.141.59.jar;C:\Users\onat.kahraman\.m2\repository\org\seleniumhq\selenium\selenium-api\3.141.59\selenium-api-3.141.59.jar;C:\Users\onat.kahraman\.m2\repository\org\seleniumhq\selenium\selenium-chrome-driver\3.141.59\selenium-chrome-driver-3.141.59.jar;C:\Users\onat.kahraman\.m2\repository\org\seleniumhq\selenium\selenium-edge-driver\3.141.59\selenium-edge-driver-3.141.59.jar;C:\Users\onat.kahraman\.m2\repository\org\seleniumhq\selenium\selenium-firefox-driver\3.141.59\selenium-firefox-driver-3.141.59.jar;C:\Users\onat.kahraman\.m2\repository\org\seleniumhq\selenium\selenium-ie-driver\3.141.59\selenium-ie-driver-3.141.59.jar;C:\Users\onat.kahraman\.m2\repository\org\seleniumhq\selenium\selenium-opera-driver\3.141.59\selenium-opera-driver-3.141.59.jar;C:\Users\onat.kahraman\.m2\repository\org\seleniumhq\selenium\selenium-remote-driver\3.141.59\selenium-remote-driver-3.141.59.jar;C:\Users\onat.kahraman\.m2\repository\org\seleniumhq\selenium\selenium-safari-driver\3.141.59\selenium-safari-driver-3.141.59.jar;C:\Users\onat.kahraman\.m2\repository\org\seleniumhq\selenium\selenium-support\3.141.59\selenium-support-3.141.59.jar;C:\Users\onat.kahraman\.m2\repository\net\bytebuddy\byte-buddy\1.8.15\byte-buddy-1.8.15.jar;C:\Users\onat.kahraman\.m2\repository\org\apache\commons\commons-exec\1.3\commons-exec-1.3.jar;C:\Users\onat.kahraman\.m2\repository\com\google\guava\guava\25.0-jre\guava-25.0-jre.jar;C:\Users\onat.kahraman\.m2\repository\com\google\code\findbugs\jsr305\1.3.9\jsr305-1.3.9.jar;C:\Users\onat.kahraman\.m2\repository\org\checkerframework\checker-compat-qual\2.0.0\checker-compat-qual-2.0.0.jar;C:\Users\onat.kahraman\.m2\repository\com\google\errorprone\error_prone_annotations\2.1.3\error_prone_annotations-2.1.3.jar;C:\Users\onat.kahraman\.m2\repository\com\google\j2objc\j2objc-annotations\1.1\j2objc-annotations-1.1.jar;C:\Users\onat.kahraman\.m2\repository\org\codehaus\mojo\animal-sniffer-annotations\1.14\animal-sniffer-annotations-1.14.jar;C:\Users\onat.kahraman\.m2\repository\com\squareup\okhttp3\okhttp\3.11.0\okhttp-3.11.0.jar;C:\Users\onat.kahraman\.m2\repository\com\squareup\okio\okio\1.14.0\okio-1.14.0.jar;C:\Users\onat.kahraman\.m2\repository\junit\junit\4.12\junit-4.12.jar
14-10-2022 16:41:17.537 [Gauge] [DEBUG] Established connection to runner.
14-10-2022 16:41:17.537 [Gauge] [DEBUG] Validation started.
14-10-2022 16:41:17.555 [Gauge] [DEBUG] Checking updates...
14-10-2022 16:41:17.558 [Gauge] [DEBUG] Downloading https://downloads.gauge.org/plugin/html-report?l=java&p=html-report,java,screenshot,spectacle,xml-report&o=windows&a=amd64
14-10-2022 16:41:17.883 [Gauge] [DEBUG] Downloading https://downloads.gauge.org/plugin/java?l=java&p=html-report,java,screenshot,spectacle,xml-report&o=windows&a=amd64
14-10-2022 16:41:17.983 [Gauge] [DEBUG] Downloading https://downloads.gauge.org/plugin/screenshot?l=java&p=html-report,java,screenshot,spectacle,xml-report&o=windows&a=amd64
14-10-2022 16:41:18.073 [Gauge] [DEBUG] Downloading https://downloads.gauge.org/plugin/spectacle?l=java&p=html-report,java,screenshot,spectacle,xml-report&o=windows&a=amd64
14-10-2022 16:41:18.163 [Gauge] [DEBUG] Downloading https://downloads.gauge.org/plugin/xml-report?l=java&p=html-report,java,screenshot,spectacle,xml-report&o=windows&a=amd64
14-10-2022 16:41:20.155 [Gauge] [DEBUG] Api Request Received: messageType:GetStepValueRequest messageId:4 stepValueRequest:<stepText:"<css> li listeden bir \303\274r\303\274n sec" > 
14-10-2022 16:41:20.155 [Gauge] [DEBUG] Sending API response: messageType:GetStepValueResponse messageId:4 stepValueResponse:<stepValue:<stepValue:"{} li listeden bir \303\274r\303\274n sec" parameterizedStepValue:"<css> li listeden bir \303\274r\303\274n sec" parameters:"css" > > 
14-10-2022 16:41:20.162 [Gauge] [DEBUG] Api Request Received: messageType:GetStepValueRequest messageId:4 stepValueRequest:<stepText:"<xpath> xpath li elemente  t\304\261kla" > 
14-10-2022 16:41:20.162 [Gauge] [DEBUG] Sending API response: messageType:GetStepValueResponse messageId:4 stepValueResponse:<stepValue:<stepValue:"{} xpath li elemente  t\304\261kla" parameterizedStepValue:"<xpath> xpath li elemente  t\304\261kla" parameters:"xpath" > > 
14-10-2022 16:41:20.162 [Gauge] [DEBUG] Api Request Received: messageType:GetStepValueRequest messageId:4 stepValueRequest:<stepText:"<css> elementine git ve t\304\261kla" > 
14-10-2022 16:41:20.162 [Gauge] [DEBUG] Sending API response: messageType:GetStepValueResponse messageId:4 stepValueResponse:<stepValue:<stepValue:"{} elementine git ve t\304\261kla" parameterizedStepValue:"<css> elementine git ve t\304\261kla" parameters:"css" > > 
14-10-2022 16:41:20.163 [Gauge] [DEBUG] Api Request Received: messageType:GetStepValueRequest messageId:4 stepValueRequest:<stepText:"Hepsiburada Anasayfa ac" > 
14-10-2022 16:41:20.163 [Gauge] [DEBUG] Sending API response: messageType:GetStepValueResponse messageId:4 stepValueResponse:<stepValue:<stepValue:"Hepsiburada Anasayfa ac" parameterizedStepValue:"Hepsiburada Anasayfa ac" > > 
14-10-2022 16:41:20.163 [Gauge] [DEBUG] Api Request Received: messageType:GetStepValueRequest messageId:4 stepValueRequest:<stepText:"<ClassName> li elemente t\304\261kla" > 
14-10-2022 16:41:20.163 [Gauge] [DEBUG] Sending API response: messageType:GetStepValueResponse messageId:4 stepValueResponse:<stepValue:<stepValue:"{} li elemente t\304\261kla" parameterizedStepValue:"<ClassName> li elemente t\304\261kla" parameters:"ClassName" > > 
14-10-2022 16:41:20.163 [Gauge] [DEBUG] Api Request Received: messageType:GetStepValueRequest messageId:4 stepValueRequest:<stepText:"<ClassName> li elemente <key> degerini yaz" > 
14-10-2022 16:41:20.163 [Gauge] [DEBUG] Sending API response: messageType:GetStepValueResponse messageId:4 stepValueResponse:<stepValue:<stepValue:"{} li elemente {} degerini yaz" parameterizedStepValue:"<ClassName> li elemente <key> degerini yaz" parameters:"ClassName" parameters:"key" > > 
14-10-2022 16:41:20.164 [Gauge] [DEBUG] Api Request Received: messageType:GetStepValueRequest messageId:4 stepValueRequest:<stepText:"<css> li listeden <number> numaral\304\261 \303\274r\303\274n\303\274 se\303\247" > 
14-10-2022 16:41:20.164 [Gauge] [DEBUG] Sending API response: messageType:GetStepValueResponse messageId:4 stepValueResponse:<stepValue:<stepValue:"{} li listeden {} numaral\304\261 \303\274r\303\274n\303\274 se\303\247" parameterizedStepValue:"<css> li listeden <number> numaral\304\261 \303\274r\303\274n\303\274 se\303\247" parameters:"css" parameters:"number" > > 
14-10-2022 16:41:20.164 [Gauge] [DEBUG] Api Request Received: messageType:GetStepValueRequest messageId:4 stepValueRequest:<stepText:"yeni sekmeye ge\303\247i\305\237" > 
14-10-2022 16:41:20.164 [Gauge] [DEBUG] Sending API response: messageType:GetStepValueResponse messageId:4 stepValueResponse:<stepValue:<stepValue:"yeni sekmeye ge\303\247i\305\237" parameterizedStepValue:"yeni sekmeye ge\303\247i\305\237" > > 
14-10-2022 16:41:20.164 [Gauge] [DEBUG] Api Request Received: messageType:GetStepValueRequest messageId:4 stepValueRequest:<stepText:"<xpath> li element <text> text de\304\237erini i\303\247eriyor mu" > 
14-10-2022 16:41:20.164 [Gauge] [DEBUG] Sending API response: messageType:GetStepValueResponse messageId:4 stepValueResponse:<stepValue:<stepValue:"{} li element {} text de\304\237erini i\303\247eriyor mu" parameterizedStepValue:"<xpath> li element <text> text de\304\237erini i\303\247eriyor mu" parameters:"xpath" parameters:"text" > > 
14-10-2022 16:41:20.200 [Gauge] [DEBUG] Validation completed.
14-10-2022 16:41:20.201 [Gauge] [DEBUG] Run started
14-10-2022 16:41:20.203 [Gauge] [DEBUG] Starting Html Report plugin
14-10-2022 16:41:20.225 [Gauge] [DEBUG] Attempting to connect to grpc server at port: 62422
14-10-2022 16:41:20.226 [Gauge] [DEBUG] Successfully made the connection with plugin with port: 62422
14-10-2022 16:41:20.226 [Gauge] [DEBUG] Initialising suite data store.
14-10-2022 16:41:41.414 [html-report] [DEBUG] Transformed SuiteResult to report structure
14-10-2022 16:41:41.442 [html-report] [INFO] Successfully generated html-report to => C:\Users\onat.kahraman\IdeaProjects\hepsiburadaCaseStudy\reports\html-report\index.html
14-10-2022 16:41:41.442 [html-report] [DEBUG] Done generating HTML report using theme from C:\Users\onat.kahraman\AppData\Roaming\gauge\plugins\html-report\4.0.12\themes\default
14-10-2022 16:41:41.442 [Gauge] [DEBUG] Sending kill message to Html Report plugin.
14-10-2022 16:41:41.443 [Gauge] [DEBUG] Sending kill message to runner.
14-10-2022 16:41:41.636 [Gauge] [INFO] Closing connection [127.0.0.1:62414] cause: read tcp 127.0.0.1:62410->127.0.0.1:62414: wsarecv: Varolan bir bağlantı uzaktaki bir ana bilgisayar tarafından zorla kapatıldı.
14-10-2022 16:41:41.746 [Gauge] [DEBUG] Runner with PID:8396 has exited
14-10-2022 16:41:41.746 [Gauge] [INFO] Specifications:	1 executed	0 passed	1 failed	0 skipped
14-10-2022 16:41:41.746 [Gauge] [INFO] Scenarios:	1 executed	0 passed	1 failed	0 skipped
14-10-2022 16:41:41.746 [Gauge] [INFO] 
Total time taken: 21.206s
14-10-2022 16:41:41.751 [Gauge] [INFO] Updates are available. Run `gauge update -c` for more info.
